<?xml version="1.0" encoding="UTF-8"?>
<!-- Generated by org.testng.reporters.JUnitReportReporter -->
<testsuite hostname="LASHA-PC" failures="0" tests="1" name="FactoryTest" time="0.006" errors="0" timestamp="2023-12-23T01:13:13 GET" skipped="0">
  <testcase classname="FactoryTest" name="testMethod" time="0.006"/>
  <system-out/>
</testsuite> <!-- FactoryTest -->
