<?xml version="1.0" encoding="UTF-8"?>
<!-- Generated by org.testng.reporters.JUnitReportReporter -->
<testsuite hostname="LASHA-PC" failures="0" tests="4" name="DataProviderTest" time="0.278" errors="0" timestamp="2023-12-23T01:13:13 GET" skipped="0">
  <testcase classname="DataProviderTest" name="testMethod" time="0.003"/>
  <system-out/>
  <testcase classname="DataProviderTest" name="testMethod" time="0.007"/>
  <system-out/>
  <testcase classname="DataProviderTest" name="Sum" time="0.003"/>
  <system-out/>
  <testcase classname="DataProviderTest" name="Sum" time="0.265"/>
  <system-out/>
</testsuite> <!-- DataProviderTest -->
